\BOOKMARK [0][]{chapter*.1}{\376\377\144\130\000\040\000\040\211\201}{}% 1
\BOOKMARK [0][]{chapter*.2}{\376\377\000A\000b\000s\000t\000r\000a\000c\000t}{}% 2
\BOOKMARK [0][]{section*.3}{\376\377\126\376\166\356\137\125}{}% 3
\BOOKMARK [0][]{section*.4}{\376\377\210\150\166\356\137\125}{}% 4
\BOOKMARK [0][]{chapter.1}{\376\377\0001\000\040\176\352\000\040\213\272}{}% 5
\BOOKMARK [1][-]{section.1.1}{\376\377\0001\000.\0001\000\040\170\024\172\166\200\314\146\157\123\312\141\017\116\111}{chapter.1}% 6
\BOOKMARK [1][-]{section.1.2}{\376\377\0001\000.\0002\000\040\126\375\121\205\131\026\170\024\172\166\163\260\162\266\116\016\143\021\142\030}{chapter.1}% 7
\BOOKMARK [2][-]{subsection.1.2.1}{\376\377\0001\000.\0002\000.\0001\000\040\145\160\133\127\165\305\164\006\126\376\120\317\122\006\174\173\170\024\172\166\163\260\162\266}{section.1.2}% 8
\BOOKMARK [2][-]{subsection.1.2.2}{\376\377\0001\000.\0002\000.\0002\000\040\211\306\211\311\000M\000a\000m\000b\000a\170\024\172\166\163\260\162\266}{section.1.2}% 9
\BOOKMARK [1][-]{section.1.3}{\376\377\0001\000.\0003\000\040\147\054\145\207\170\024\172\166\121\205\133\271\116\016\122\033\145\260\160\271}{chapter.1}% 10
\BOOKMARK [1][-]{section.1.4}{\376\377\0001\000.\0004\000\040\147\054\145\207\176\304\176\307\176\323\147\204}{chapter.1}% 11
\BOOKMARK [0][]{chapter.2}{\376\377\0002\000\040\166\370\121\163\170\024\172\166\142\200\147\057\116\016\164\006\213\272}{}% 12
\BOOKMARK [1][-]{section.2.1}{\376\377\0002\000.\0001\000\040\145\160\133\127\165\305\164\006\126\376\120\317\131\032\133\236\117\213\133\146\116\140}{chapter.2}% 13
\BOOKMARK [1][-]{section.2.2}{\376\377\0002\000.\0002\000\040\000M\000a\000m\000b\000a\147\266\147\204}{chapter.2}% 14
\BOOKMARK [1][-]{section.2.3}{\376\377\0002\000.\0003\000\040\133\371\153\324\133\146\116\140}{chapter.2}% 15
\BOOKMARK [2][-]{subsection.2.3.1}{\376\377\0002\000.\0003\000.\0001\000\040\127\372\116\216\215\037\150\067\147\054\166\204\133\371\153\324\133\146\116\140}{section.2.3}% 16
\BOOKMARK [2][-]{subsection.2.3.2}{\376\377\0002\000.\0003\000.\0002\000\040\145\340\215\037\150\067\147\054\166\204\133\371\153\324\133\146\116\140}{section.2.3}% 17
\BOOKMARK [1][-]{section.2.4}{\376\377\0002\000.\0004\000\040\145\160\143\156\226\306\123\312\213\304\116\367\143\007\150\007}{chapter.2}% 18
\BOOKMARK [2][-]{subsection.2.4.1}{\376\377\0002\000.\0004\000.\0001\000\040\145\160\143\156\226\306}{section.2.4}% 19
\BOOKMARK [2][-]{subsection.2.4.2}{\376\377\0002\000.\0004\000.\0002\000\040\213\304\116\367\143\007\150\007}{section.2.4}% 20
\BOOKMARK [1][-]{section.2.5}{\376\377\0002\000.\0005\000\040\165\305\164\006\126\376\120\317\166\204\230\204\131\004\164\006\217\307\172\013}{chapter.2}% 21
\BOOKMARK [1][-]{section.2.6}{\376\377\0002\000.\0006\000\040\147\054\172\340\134\017\176\323}{chapter.2}% 22
\BOOKMARK [0][]{chapter.3}{\376\377\0003\000\040\127\372\116\216\131\032\142\153\143\317\000M\000a\000m\000b\000a\166\204\232\330\122\006\217\250\163\207\165\305\164\006\126\376\120\317\122\006\174\173\170\024\172\166}{}% 23
\BOOKMARK [1][-]{section.3.1}{\376\377\0003\000.\0001\000\040\170\024\172\166\122\250\147\072}{chapter.3}% 24
\BOOKMARK [1][-]{section.3.2}{\376\377\0003\000.\0002\000\040\225\356\230\230\143\317\217\360\124\214\173\046\123\367\133\232\116\111}{chapter.3}% 25
\BOOKMARK [1][-]{section.3.3}{\376\377\0003\000.\0003\000\040\127\372\116\216\172\172\225\364\117\341\140\157\130\236\137\072\166\204\131\032\142\153\143\317\000M\000a\000m\000b\000a\152\041\127\213}{chapter.3}% 26
\BOOKMARK [2][-]{subsection.3.3.1}{\376\377\0003\000.\0003\000.\0001\000\040\145\271\154\325\151\202\217\360}{section.3.3}% 27
\BOOKMARK [2][-]{subsection.3.3.2}{\376\377\0003\000.\0003\000.\0002\000\040\230\204\131\004\164\006\116\016\162\171\137\201\143\320\123\326}{section.3.3}% 28
\BOOKMARK [2][-]{subsection.3.3.3}{\376\377\0003\000.\0003\000.\0003\000\040\131\032\142\153\143\317\000M\000a\000m\000b\000a\152\041\127\127}{section.3.3}% 29
\BOOKMARK [2][-]{subsection.3.3.4}{\376\377\0003\000.\0003\000.\0004\000\040\0002\000D\172\172\225\364\116\012\116\013\145\207\141\037\167\345\152\041\127\127}{section.3.3}% 30
\BOOKMARK [2][-]{subsection.3.3.5}{\376\377\0003\000.\0003\000.\0005\000\040\127\372\116\216\000M\000a\000m\000b\000a\166\204\133\236\117\213\200\132\124\010}{section.3.3}% 31
\BOOKMARK [2][-]{subsection.3.3.6}{\376\377\0003\000.\0003\000.\0006\000\040\152\041\127\213\117\030\123\026\124\214\143\250\164\006}{section.3.3}% 32
\BOOKMARK [1][-]{section.3.4}{\376\377\0003\000.\0004\000\040\133\236\232\214\213\276\177\156\123\312\176\323\147\234\122\006\147\220}{chapter.3}% 33
\BOOKMARK [2][-]{subsection.3.4.1}{\376\377\0003\000.\0004\000.\0001\000\040\133\236\232\214\213\276\177\156}{section.3.4}% 34
\BOOKMARK [2][-]{subsection.3.4.2}{\376\377\0003\000.\0004\000.\0002\000\040\127\372\121\306\145\160\143\156\226\306\133\236\232\214\176\323\147\234}{section.3.4}% 35
\BOOKMARK [2][-]{subsection.3.4.3}{\376\377\0003\000.\0004\000.\0003\000\040\155\210\207\215\133\236\232\214}{section.3.4}% 36
\BOOKMARK [2][-]{subsection.3.4.4}{\376\377\0003\000.\0004\000.\0004\000\040\123\357\211\306\123\026\122\006\147\220}{section.3.4}% 37
\BOOKMARK [1][-]{section.3.5}{\376\377\0003\000.\0005\000\040\147\054\172\340\134\017\176\323}{chapter.3}% 38
\BOOKMARK [0][]{chapter.4}{\376\377\0004\000\040\127\372\116\216\142\153\143\317\116\015\123\330\140\047\000M\000a\000m\000b\000a\166\204\232\330\122\006\217\250\163\207\165\305\164\006\126\376\120\317\122\006\174\173\170\024\172\166}{}% 39
\BOOKMARK [1][-]{section.4.1}{\376\377\0004\000.\0001\000\040\170\024\172\166\122\250\147\072}{chapter.4}% 40
\BOOKMARK [1][-]{section.4.2}{\376\377\0004\000.\0002\000\040\127\372\116\216\136\217\122\027\135\356\137\002\123\026\133\371\153\324\166\204\000M\000a\000m\000b\000a\152\041\127\213}{chapter.4}% 41
\BOOKMARK [2][-]{subsection.4.2.1}{\376\377\0004\000.\0002\000.\0001\000\040\145\271\154\325\151\202\217\360}{section.4.2}% 42
\BOOKMARK [2][-]{subsection.4.2.2}{\376\377\0004\000.\0002\000.\0002\000\040\230\204\131\004\164\006\116\016\162\171\137\201\143\320\123\326}{section.4.2}% 43
\BOOKMARK [2][-]{subsection.4.2.3}{\376\377\0004\000.\0002\000.\0003\000\040\127\372\116\216\000M\000a\000m\000b\000a\166\204\123\314\122\006\145\057\133\371\153\324\147\266\147\204}{section.4.2}% 44
\BOOKMARK [2][-]{subsection.4.2.4}{\376\377\0004\000.\0002\000.\0004\000\040\135\356\137\002\123\026\136\217\122\027\165\037\142\020\377\010\173\200\123\125\116\016\126\360\226\276\122\006\145\057\377\011}{section.4.2}% 45
\BOOKMARK [2][-]{subsection.4.2.5}{\376\377\0004\000.\0002\000.\0005\000\040\127\372\116\216\000M\000a\000m\000b\000a\166\204\133\236\117\213\200\132\124\010}{section.4.2}% 46
\BOOKMARK [2][-]{subsection.4.2.6}{\376\377\0004\000.\0002\000.\0006\000\040\127\372\116\216\116\000\201\364\140\047\166\204\152\041\127\213\117\030\123\026}{section.4.2}% 47
\BOOKMARK [2][-]{subsection.4.2.7}{\376\377\0004\000.\0002\000.\0007\000\040\152\041\127\213\143\250\164\006}{section.4.2}% 48
\BOOKMARK [1][-]{section.4.3}{\376\377\0004\000.\0003\000\040\133\236\232\214\213\276\177\156\123\312\176\323\147\234\122\006\147\220}{chapter.4}% 49
\BOOKMARK [2][-]{subsection.4.3.1}{\376\377\0004\000.\0003\000.\0001\000\040\133\236\232\214\213\276\177\156}{section.4.3}% 50
\BOOKMARK [2][-]{subsection.4.3.2}{\376\377\0004\000.\0003\000.\0002\000\040\127\372\121\306\145\160\143\156\226\306\133\236\232\214\176\323\147\234}{section.4.3}% 51
\BOOKMARK [2][-]{subsection.4.3.3}{\376\377\0004\000.\0003\000.\0003\000\040\155\210\207\215\133\236\232\214}{section.4.3}% 52
\BOOKMARK [2][-]{subsection.4.3.4}{\376\377\0004\000.\0003\000.\0004\000\040\123\357\211\306\123\026\122\006\147\220}{section.4.3}% 53
\BOOKMARK [1][-]{section.4.4}{\376\377\0004\000.\0004\000\040\147\054\172\340\134\017\176\323}{chapter.4}% 54
\BOOKMARK [0][]{chapter.5}{\376\377\0005\000\040\140\073\176\323\116\016\147\052\147\145\134\125\147\033}{}% 55
\BOOKMARK [1][-]{section.5.1}{\376\377\0005\000.\0001\000\040\140\073\176\323}{chapter.5}% 56
\BOOKMARK [1][-]{section.5.2}{\376\377\0005\000.\0002\000\040\147\052\147\145\134\125\147\033}{chapter.5}% 57
\BOOKMARK [0][]{section*.46}{\376\377\123\302\200\003\145\207\163\056}{}% 58
\BOOKMARK [0][]{appendix*.48}{\376\377\226\104\000\040\000\040\137\125}{}% 59
\BOOKMARK [1][-]{section.Alph0.1}{\376\377\000A\000.\000\040\117\134\200\005\127\050\145\073\213\373\170\125\130\353\133\146\117\115\147\037\225\364\166\204\213\272\145\207\166\356\137\125}{appendix*.48}% 60
\BOOKMARK [1][-]{section.Alph0.2}{\376\377\000B\000.\000\040\117\134\200\005\127\050\145\073\213\373\170\125\130\353\133\146\117\115\147\037\225\364\166\204\116\023\122\051\166\356\137\125}{appendix*.48}% 61
\BOOKMARK [1][-]{section.Alph0.3}{\376\377\000C\000.\000\040\117\134\200\005\127\050\145\073\213\373\170\125\130\353\133\146\117\115\147\037\225\364\123\302\116\016\166\204\171\321\170\024\230\171\166\356}{appendix*.48}% 62
\BOOKMARK [1][-]{section.Alph0.4}{\376\377\000D\000.\000\040\133\146\117\115\213\272\145\207\145\160\143\156\226\306}{appendix*.48}% 63
\BOOKMARK [0][]{appendix*.50}{\376\377\201\364\000\040\000\040\214\042}{}% 64
